<?xml version="1.0" encoding="UTF-8"?>
<!-- Generated by org.testng.reporters.JUnitXMLReporter -->
<testsuite hostname="ATMECSINLT-085" ignored="0" name="Test" tests="3" failures="0" timestamp="18 Sep 2019 11:32:58 GMT" time="1.27" errors="0">
  <testcase name="@BeforeTest baseSetup" time="0.094" classname="org.atmecs.practo.testbase.TestBase">
    <failure type="java.lang.IllegalStateException" message="The path to the driver executable must be set by the webdriver.chrome.driver system property; for more information, see https://github.com/SeleniumHQ/selenium/wiki/ChromeDriver. The latest version can be downloaded from http://chromedriver.storage.googleapis.com/index.html">
      <![CDATA[java.lang.IllegalStateException: The path to the driver executable must be set by the webdriver.chrome.driver system property; for more information, see https://github.com/SeleniumHQ/selenium/wiki/ChromeDriver. The latest version can be downloaded from http://chromedriver.storage.googleapis.com/index.html
at com.google.common.base.Preconditions.checkState(Preconditions.java:843)
at org.openqa.selenium.remote.service.DriverService.findExecutable(DriverService.java:135)
at org.openqa.selenium.chrome.ChromeDriverService.access$000(ChromeDriverService.java:35)
at org.openqa.selenium.chrome.ChromeDriverService$Builder.findDefaultExecutable(ChromeDriverService.java:159)
at org.openqa.selenium.remote.service.DriverService$Builder.build(DriverService.java:363)
at org.openqa.selenium.chrome.ChromeDriverService.createDefaultService(ChromeDriverService.java:94)
at org.openqa.selenium.chrome.ChromeDriver.<init>(ChromeDriver.java:157)
at org.atmecs.practo.testbase.TestBase.baseSetup(TestBase.java:38)
... Removed 28 stack frames]]>
    </failure>
  </testcase> <!-- @BeforeTest baseSetup -->
  <testcase name="@AfterMethod tearDown" time="0.0" classname="org.atmecs.practo.extentreports.Extent">
    <skipped/>
  </testcase> <!-- @AfterMethod tearDown -->
  <testcase name="@AfterMethod tearDown" time="0.0" classname="org.atmecs.practo.extentreports.Extent">
    <skipped/>
  </testcase> <!-- @AfterMethod tearDown -->
  <testcase name="@AfterMethod tearDown" time="0.0" classname="org.atmecs.practo.extentreports.Extent">
    <skipped/>
  </testcase> <!-- @AfterMethod tearDown -->
  <testcase name="practoPage" time="0.0" classname="org.atmecs.practo.testscripts.PharmacyTest">
    <skipped/>
  </testcase> <!-- practoPage -->
  <testcase name="painRelief" time="0.0" classname="org.atmecs.practo.testscripts.PainReliefTest">
    <skipped/>
  </testcase> <!-- painRelief -->
  <testcase name="cartPage" time="0.0" classname="org.atmecs.practo.testscripts.CartTest">
    <skipped/>
  </testcase> <!-- cartPage -->
</testsuite> <!-- Test -->
